<?xml version="1.0" encoding="UTF-8"?>
<!-- Generated by org.testng.reporters.JUnitReportReporter -->
<testsuite hostname="LAP0001968" failures="0" tests="4" name="org.automation.yatra.testcases.TC002_RegisterNewUser" time="34.981" errors="1" timestamp="23 Jun 2019 11:22:29 GMT" skipped="0">
  <testcase classname="org.automation.yatra.testcases.TC002_RegisterNewUser" name="tc002_register_new_user" time="12.630"/>
  <testcase classname="org.automation.yatra.testcases.TC002_RegisterNewUser" name="tc002_register_new_user" time="10.571"/>
  <testcase classname="org.automation.yatra.testcases.TC002_RegisterNewUser" name="generateReport" time="11.347">
    <error message="com/sun/image/codec/jpeg/JPEGCodec" type="java.lang.NoClassDefFoundError">
      <![CDATA[java.lang.NoClassDefFoundError: com/sun/image/codec/jpeg/JPEGCodec
at org.jfree.chart.encoders.SunJPEGEncoderAdapter.encode(SunJPEGEncoderAdapter.java:128)
at org.jfree.chart.encoders.EncoderUtil.writeBufferedImage(EncoderUtil.java:144)
at org.jfree.chart.ChartUtilities.writeChartAsJPEG(ChartUtilities.java:426)
at org.jfree.chart.ChartUtilities.writeChartAsJPEG(ChartUtilities.java:374)
at org.automationtesting.excelreport.Xl.generateReport(Xl.java:130)
at org.automation.yatra.base.DriverInstance.generateReport(DriverInstance.java:67)
at java.base/jdk.internal.reflect.NativeMethodAccessorImpl.invoke0(Native Method)
at java.base/jdk.internal.reflect.NativeMethodAccessorImpl.invoke(NativeMethodAccessorImpl.java:62)
at java.base/jdk.internal.reflect.DelegatingMethodAccessorImpl.invoke(DelegatingMethodAccessorImpl.java:43)
at java.base/java.lang.reflect.Method.invoke(Method.java:567)
at org.testng.internal.MethodInvocationHelper.invokeMethod(MethodInvocationHelper.java:124)
at org.testng.internal.MethodInvocationHelper.invokeMethodConsideringTimeout(MethodInvocationHelper.java:59)
at org.testng.internal.Invoker.invokeConfigurationMethod(Invoker.java:458)
at org.testng.internal.Invoker.invokeConfigurations(Invoker.java:222)
at org.testng.internal.Invoker.invokeConfigurations(Invoker.java:142)
at org.testng.SuiteRunner.privateRun(SuiteRunner.java:425)
at org.testng.SuiteRunner.run(SuiteRunner.java:364)
at org.testng.SuiteRunnerWorker.runSuite(SuiteRunnerWorker.java:52)
at org.testng.SuiteRunnerWorker.run(SuiteRunnerWorker.java:84)
at org.testng.TestNG.runSuitesSequentially(TestNG.java:1208)
at org.testng.TestNG.runSuitesLocally(TestNG.java:1137)
at org.testng.TestNG.runSuites(TestNG.java:1049)
at org.testng.TestNG.run(TestNG.java:1017)
at org.testng.remote.AbstractRemoteTestNG.run(AbstractRemoteTestNG.java:115)
at org.testng.remote.RemoteTestNG.initAndRun(RemoteTestNG.java:251)
at org.testng.remote.RemoteTestNG.main(RemoteTestNG.java:77)
Caused by: java.lang.ClassNotFoundException: com.sun.image.codec.jpeg.JPEGCodec
at java.base/jdk.internal.loader.BuiltinClassLoader.loadClass(BuiltinClassLoader.java:583)
at java.base/jdk.internal.loader.ClassLoaders$AppClassLoader.loadClass(ClassLoaders.java:178)
at java.base/java.lang.ClassLoader.loadClass(ClassLoader.java:521)
... 26 more
]]>
    </error>
  </testcase> <!-- generateReport -->
  <testcase classname="org.automation.yatra.testcases.TC002_RegisterNewUser" name="tc002_register_new_user" time="0.433"/>
</testsuite> <!-- org.automation.yatra.testcases.TC002_RegisterNewUser -->
