<?xml version="1.0" encoding="UTF-8"?>
<!-- Generated by org.testng.reporters.JUnitReportReporter -->
<testsuite hostname="LAP0001968" failures="0" tests="4" name="org.automation.yatra.testcases.TC001_ValidatingLoginFunctionality" time="40.382" errors="0" timestamp="25 Jun 2019 04:24:05 GMT" skipped="0">
  <testcase classname="org.automation.yatra.testcases.TC001_ValidatingLoginFunctionality" name="tc_001_login_functionality" time="11.417"/>
  <testcase classname="org.automation.yatra.testcases.TC001_ValidatingLoginFunctionality" name="tc_001_login_functionality" time="10.339"/>
  <testcase classname="org.automation.yatra.testcases.TC001_ValidatingLoginFunctionality" name="tc_001_login_functionality" time="10.585"/>
  <testcase classname="org.automation.yatra.testcases.TC001_ValidatingLoginFunctionality" name="tc_001_login_functionality" time="8.041"/>
</testsuite> <!-- org.automation.yatra.testcases.TC001_ValidatingLoginFunctionality -->
